Reading netlist file: "/home/alberto/fpga_rx/impl/gwsynthesis/fpga_rx.vg"
Parsing netlist file "/home/alberto/fpga_rx/impl/gwsynthesis/fpga_rx.vg" completed
Processing netlist completed
Reading constraint file: "/home/alberto/fpga_rx/src/sipeed_tang_primer_20k.cst"
Physical Constraint parsed completed
Running placement......
[10%] Placement Phase 0 completed
[20%] Placement Phase 1 completed
[30%] Placement Phase 2 completed
[50%] Placement Phase 3 completed
Running routing......
[60%] Routing Phase 0 completed
[70%] Routing Phase 1 completed
[80%] Routing Phase 2 completed
[90%] Routing Phase 3 completed
Running timing analysis......
[95%] Timing analysis completed
Placement and routing completed
Bitstream generation in progress......
Bitstream generation completed
Running power analysis......
[100%] Power analysis completed
Generate file "/home/alberto/fpga_rx/impl/pnr/fpga_rx.power.html" completed
Generate file "/home/alberto/fpga_rx/impl/pnr/fpga_rx.pin.html" completed
Generate file "/home/alberto/fpga_rx/impl/pnr/fpga_rx.rpt.html" completed
Generate file "/home/alberto/fpga_rx/impl/pnr/fpga_rx.rpt.txt" completed
Generate file "/home/alberto/fpga_rx/impl/pnr/fpga_rx.tr.html" completed
Sun Apr 27 23:06:32 2025

